<?xml version="1.0" encoding="UTF-8"?>
<!-- Generated by org.testng.reporters.JUnitReportReporter -->
<testsuite hostname="Dayasindhu" failures="0" tests="1" name="test_scripts.TC_Id_001_Test" time="0.016" errors="0" timestamp="2023-12-28T12:04:59 IST" skipped="0">
  <testcase classname="test_scripts.TC_Id_001_Test" name="login" time="0.016"/>
  <system-out>
Login is successfull  </system-out>
</testsuite> <!-- test_scripts.TC_Id_001_Test -->
